1598176595170	geckodriver	INFO	Listening on 127.0.0.1:55281
1598238799630	geckodriver	INFO	Listening on 127.0.0.1:56034
1598238800541	mozrunner::runner	INFO	Running command: "/Applications/Firefox.app/Contents/MacOS/firefox-bin" "--marionette" "-foreground" "-no-remote" "-profile" "/var/folders/08/r7j1mf5d7l59n47jxst131440000gn/T/rust_mozprofilegSkVpb"
console.error: SearchCache: "_readCacheFile: Error reading cache file:" (new Error("", "(unknown module)"))
1598238803845	Marionette	INFO	Listening on port 56045
1598238803900	Marionette	WARN	TLS certificate errors will be ignored for this session
1598238845391	geckodriver	INFO	Listening on 127.0.0.1:56127
1598238846396	mozrunner::runner	INFO	Running command: "/Applications/Firefox.app/Contents/MacOS/firefox-bin" "--marionette" "-foreground" "-no-remote" "-profile" "/var/folders/08/r7j1mf5d7l59n47jxst131440000gn/T/rust_mozprofileSrLJe7"
console.error: SearchCache: "_readCacheFile: Error reading cache file:" (new Error("", "(unknown module)"))
1598238849823	Marionette	INFO	Listening on port 56138
1598238849854	Marionette	WARN	TLS certificate errors will be ignored for this session
1598238959190	geckodriver	INFO	Listening on 127.0.0.1:56280
1598238960190	mozrunner::runner	INFO	Running command: "/Applications/Firefox.app/Contents/MacOS/firefox-bin" "--marionette" "-foreground" "-no-remote" "-profile" "/var/folders/08/r7j1mf5d7l59n47jxst131440000gn/T/rust_mozprofilefGk6gP"
console.error: SearchCache: "_readCacheFile: Error reading cache file:" (new Error("", "(unknown module)"))
1598238964170	Marionette	INFO	Listening on port 56291
1598238964262	Marionette	WARN	TLS certificate errors will be ignored for this session
1598238967875	Marionette	INFO	Stopped listening on port 56045
1598238969337	Marionette	INFO	Stopped listening on port 56138
1598238973150	Marionette	INFO	Stopped listening on port 56291
1598238973972	geckodriver	INFO	Listening on 127.0.0.1:56359
1598238973986	mozrunner::runner	INFO	Running command: "/Applications/Firefox.app/Contents/MacOS/firefox-bin" "--marionette" "-foreground" "-no-remote" "-profile" "/var/folders/08/r7j1mf5d7l59n47jxst131440000gn/T/rust_mozprofilesCsO8Y"
console.error: SearchCache: "_readCacheFile: Error reading cache file:" (new Error("", "(unknown module)"))
1598238976899	Marionette	INFO	Listening on port 56368
1598238977003	Marionette	WARN	TLS certificate errors will be ignored for this session
1598238985894	geckodriver	INFO	Listening on 127.0.0.1:56420
1598238986901	mozrunner::runner	INFO	Running command: "/Applications/Firefox.app/Contents/MacOS/firefox-bin" "--marionette" "-foreground" "-no-remote" "-profile" "/var/folders/08/r7j1mf5d7l59n47jxst131440000gn/T/rust_mozprofilefEUSj6"
console.error: SearchCache: "_readCacheFile: Error reading cache file:" (new Error("", "(unknown module)"))
1598238990464	Marionette	INFO	Listening on port 56431
1598238990522	Marionette	WARN	TLS certificate errors will be ignored for this session
1598239067717	geckodriver	INFO	Listening on 127.0.0.1:56523
1598239068729	mozrunner::runner	INFO	Running command: "/Applications/Firefox.app/Contents/MacOS/firefox-bin" "--marionette" "-foreground" "-no-remote" "-profile" "/var/folders/08/r7j1mf5d7l59n47jxst131440000gn/T/rust_mozprofileDY6a6J"
console.error: SearchCache: "_readCacheFile: Error reading cache file:" (new Error("", "(unknown module)"))
1598239072814	Marionette	INFO	Stopped listening on port 56368
1598239073121	Marionette	INFO	Listening on port 56534
1598239073153	Marionette	WARN	TLS certificate errors will be ignored for this session
1598239074434	Marionette	INFO	Stopped listening on port 56431
1598239081283	Marionette	INFO	Stopped listening on port 56534
